[LOG] Writing training logs to checkpoints_dpdd/lr0.0001_r8_doc3_th0.5_yrpre-2018_rep1/train.log

Epoch 1/2
[DPDD] Score after epoch 1: 7.3014
[DPDD] Dropped 20 / 202 samples for next epoch.
[Checkpoint] Model saved to checkpoints_dpdd/lr0.0001_r8_doc3_th0.5_yrpre-2018_rep1/checkpoint_epoch_1
[Validation] Loss after epoch 1: 1.1116

Epoch 2/2
[DPDD] Score after epoch 2: 6.8185
[DPDD] Dropped 18 / 182 samples for next epoch.
[Checkpoint] Model saved to checkpoints_dpdd/lr0.0001_r8_doc3_th0.5_yrpre-2018_rep1/checkpoint_epoch_2
[Validation] Loss after epoch 2: 0.9335
[HF Save] Model and tokenizer saved to checkpoints_dpdd/lr0.0001_r8_doc3_th0.5_yrpre-2018_rep1/hf_format
Training complete.
ðŸ” Generating summaries...
/usr/local/lib/python3.11/dist-packages/transformers/generation/utils.py:1473: UserWarning: You have modified the pretrained model configuration to control generation. This is a deprecated strategy to control generation and will be removed soon, in a future version. Please use and modify the model generation configuration (see https://huggingface.co/docs/transformers/generation_strategies#default-text-generation-configuration )
  warnings.warn(
/usr/local/lib/python3.11/dist-packages/transformers/generation/configuration_utils.py:418: UserWarning: `num_beams` is set to 1. However, `early_stopping` is set to `True` -- this flag is only used in beam-based generation modes. You should set `num_beams>1` or unset `early_stopping`.
  warnings.warn(
[âœ“] Saved generated summaries to checkpoints_dpdd/lr0.0001_r8_doc3_th0.5_yrpre-2018_rep1/generated_summaries.jsonl
[LOG] Writing training logs to checkpoints_dpdd/lr0.0001_r8_doc3_th0.5_yrpre-2018_rep1/train.log

Epoch 1/2
[DPDD] Score after epoch 1: 7.1868
[DPDD] Dropped 20 / 202 samples for next epoch.
[Checkpoint] Model saved to checkpoints_dpdd/lr0.0001_r8_doc3_th0.5_yrpre-2018_rep1/checkpoint_epoch_1
[Validation] Loss after epoch 1: 1.1101

Epoch 2/2
[DPDD] Score after epoch 2: 6.8984
[DPDD] Dropped 18 / 182 samples for next epoch.
[Checkpoint] Model saved to checkpoints_dpdd/lr0.0001_r8_doc3_th0.5_yrpre-2018_rep1/checkpoint_epoch_2
[Validation] Loss after epoch 2: 0.9464
[HF Save] Model and tokenizer saved to checkpoints_dpdd/lr0.0001_r8_doc3_th0.5_yrpre-2018_rep1/hf_format
Training complete.
ðŸ” Generating summaries...
/usr/local/lib/python3.11/dist-packages/transformers/generation/utils.py:1473: UserWarning: You have modified the pretrained model configuration to control generation. This is a deprecated strategy to control generation and will be removed soon, in a future version. Please use and modify the model generation configuration (see https://huggingface.co/docs/transformers/generation_strategies#default-text-generation-configuration )
  warnings.warn(
/usr/local/lib/python3.11/dist-packages/transformers/generation/configuration_utils.py:418: UserWarning: `num_beams` is set to 1. However, `early_stopping` is set to `True` -- this flag is only used in beam-based generation modes. You should set `num_beams>1` or unset `early_stopping`.
  warnings.warn(
[âœ“] Saved generated summaries to checkpoints_dpdd/lr0.0001_r8_doc3_th0.5_yrpre-2018_rep1/generated_summaries.jsonl
